<?xml version="1.0" encoding="UTF-8"?>
<coverage generated="1752656888430" clover="3.2.0">
  <project timestamp="1752656888430" name="All files">
    <metrics statements="27" coveredstatements="27" conditionals="8" coveredconditionals="5" methods="12" coveredmethods="12" elements="47" coveredelements="44" complexity="0" loc="27" ncloc="27" packages="3" files="5" classes="5"/>
    <package name="src">
      <metrics statements="19" coveredstatements="19" conditionals="6" coveredconditionals="4" methods="7" coveredmethods="7"/>
      <file name="app.js" path="C:\Users\HomePC\Desktop\week-6-test-debug-assignment-Daninc24\server\src\app.js">
        <metrics statements="15" coveredstatements="15" conditionals="6" coveredconditionals="4" methods="5" coveredmethods="5"/>
        <line num="1" count="1" type="stmt"/>
        <line num="2" count="1" type="stmt"/>
        <line num="4" count="1" type="stmt"/>
        <line num="7" count="1" type="stmt"/>
        <line num="8" count="3" type="stmt"/>
        <line num="11" count="1" type="stmt"/>
        <line num="12" count="4" type="stmt"/>
        <line num="15" count="1" type="stmt"/>
        <line num="16" count="2" type="cond" truecount="1" falsecount="1"/>
        <line num="17" count="2" type="stmt"/>
        <line num="20" count="1" type="stmt"/>
        <line num="21" count="3" type="cond" truecount="3" falsecount="1"/>
        <line num="24" count="1" type="stmt"/>
        <line num="25" count="2" type="stmt"/>
        <line num="28" count="1" type="stmt"/>
      </file>
      <file name="utils.js" path="C:\Users\HomePC\Desktop\week-6-test-debug-assignment-Daninc24\server\src\utils.js">
        <metrics statements="4" coveredstatements="4" conditionals="0" coveredconditionals="0" methods="2" coveredmethods="2"/>
        <line num="3" count="1" type="stmt"/>
        <line num="4" count="1" type="stmt"/>
        <line num="8" count="4" type="stmt"/>
        <line num="11" count="1" type="stmt"/>
      </file>
    </package>
    <package name="src.models">
      <metrics statements="6" coveredstatements="6" conditionals="2" coveredconditionals="1" methods="4" coveredmethods="4"/>
      <file name="Post.js" path="C:\Users\HomePC\Desktop\week-6-test-debug-assignment-Daninc24\server\src\models\Post.js">
        <metrics statements="4" coveredstatements="4" conditionals="2" coveredconditionals="1" methods="3" coveredmethods="3"/>
        <line num="2" count="1" type="stmt"/>
        <line num="3" count="2" type="stmt"/>
        <line num="4" count="1" type="cond" truecount="1" falsecount="1"/>
        <line num="5" count="1" type="stmt"/>
      </file>
      <file name="User.js" path="C:\Users\HomePC\Desktop\week-6-test-debug-assignment-Daninc24\server\src\models\User.js">
        <metrics statements="2" coveredstatements="2" conditionals="0" coveredconditionals="0" methods="1" coveredmethods="1"/>
        <line num="2" count="1" type="stmt"/>
        <line num="3" count="2" type="stmt"/>
      </file>
    </package>
    <package name="src.utils">
      <metrics statements="2" coveredstatements="2" conditionals="0" coveredconditionals="0" methods="1" coveredmethods="1"/>
      <file name="auth.js" path="C:\Users\HomePC\Desktop\week-6-test-debug-assignment-Daninc24\server\src\utils\auth.js">
        <metrics statements="2" coveredstatements="2" conditionals="0" coveredconditionals="0" methods="1" coveredmethods="1"/>
        <line num="2" count="1" type="stmt"/>
        <line num="3" count="2" type="stmt"/>
      </file>
    </package>
  </project>
</coverage>
