{"C:\\Users\\HomePC\\Desktop\\week-6-test-debug-assignment-Daninc24\\server\\src\\app.js": {"path":"C:\\Users\\HomePC\\Desktop\\week-6-test-debug-assignment-Daninc24\\server\\src\\app.js","statementMap":{"0":{"start":{"line":1,"column":16},"end":{"line":1,"column":34}},"1":{"start":{"line":2,"column":12},"end":{"line":2,"column":21}},"2":{"start":{"line":4,"column":0},"end":{"line":4,"column":24}},"3":{"start":{"line":7,"column":0},"end":{"line":9,"column":3}},"4":{"start":{"line":8,"column":2},"end":{"line":8,"column":77}},"5":{"start":{"line":11,"column":0},"end":{"line":13,"column":3}},"6":{"start":{"line":12,"column":2},"end":{"line":12,"column":27}},"7":{"start":{"line":15,"column":0},"end":{"line":18,"column":3}},"8":{"start":{"line":16,"column":2},"end":{"line":16,"column":65}},"9":{"start":{"line":16,"column":36},"end":{"line":16,"column":65}},"10":{"start":{"line":17,"column":2},"end":{"line":17,"column":67}},"11":{"start":{"line":20,"column":0},"end":{"line":22,"column":3}},"12":{"start":{"line":21,"column":2},"end":{"line":21,"column":148}},"13":{"start":{"line":24,"column":0},"end":{"line":26,"column":3}},"14":{"start":{"line":25,"column":2},"end":{"line":25,"column":27}},"15":{"start":{"line":28,"column":0},"end":{"line":28,"column":21}}},"fnMap":{"0":{"name":"(anonymous_0)","decl":{"start":{"line":7,"column":23},"end":{"line":7,"column":24}},"loc":{"start":{"line":7,"column":37},"end":{"line":9,"column":1}},"line":7},"1":{"name":"(anonymous_1)","decl":{"start":{"line":11,"column":22},"end":{"line":11,"column":23}},"loc":{"start":{"line":11,"column":36},"end":{"line":13,"column":1}},"line":11},"2":{"name":"(anonymous_2)","decl":{"start":{"line":15,"column":26},"end":{"line":15,"column":27}},"loc":{"start":{"line":15,"column":40},"end":{"line":18,"column":1}},"line":15},"3":{"name":"(anonymous_3)","decl":{"start":{"line":20,"column":26},"end":{"line":20,"column":27}},"loc":{"start":{"line":20,"column":40},"end":{"line":22,"column":1}},"line":20},"4":{"name":"(anonymous_4)","decl":{"start":{"line":24,"column":29},"end":{"line":24,"column":30}},"loc":{"start":{"line":24,"column":43},"end":{"line":26,"column":1}},"line":24}},"branchMap":{"0":{"loc":{"start":{"line":16,"column":2},"end":{"line":16,"column":65}},"type":"if","locations":[{"start":{"line":16,"column":2},"end":{"line":16,"column":65}},{"start":{},"end":{}}],"line":16},"1":{"loc":{"start":{"line":21,"column":45},"end":{"line":21,"column":82}},"type":"binary-expr","locations":[{"start":{"line":21,"column":45},"end":{"line":21,"column":59}},{"start":{"line":21,"column":63},"end":{"line":21,"column":82}}],"line":21},"2":{"loc":{"start":{"line":21,"column":93},"end":{"line":21,"column":144}},"type":"binary-expr","locations":[{"start":{"line":21,"column":93},"end":{"line":21,"column":109}},{"start":{"line":21,"column":113},"end":{"line":21,"column":144}}],"line":21}},"s":{"0":1,"1":1,"2":1,"3":1,"4":3,"5":1,"6":4,"7":1,"8":2,"9":0,"10":2,"11":1,"12":3,"13":1,"14":2,"15":1},"f":{"0":3,"1":4,"2":2,"3":3,"4":2},"b":{"0":[0,2],"1":[3,0],"2":[3,2]},"_coverageSchema":"1a1c01bbd47fc00a2c39e90264f33305004495a9","hash":"933262fa747be9721654050e0cf59b22aa9e83b2"}
,"C:\\Users\\HomePC\\Desktop\\week-6-test-debug-assignment-Daninc24\\server\\src\\utils.js": {"path":"C:\\Users\\HomePC\\Desktop\\week-6-test-debug-assignment-Daninc24\\server\\src\\utils.js","statementMap":{"0":{"start":{"line":3,"column":12},"end":{"line":3,"column":26}},"1":{"start":{"line":4,"column":2},"end":{"line":4,"column":39}},"2":{"start":{"line":8,"column":2},"end":{"line":8,"column":50}},"3":{"start":{"line":11,"column":0},"end":{"line":11,"column":47}}},"fnMap":{"0":{"name":"formatDate","decl":{"start":{"line":2,"column":9},"end":{"line":2,"column":19}},"loc":{"start":{"line":2,"column":26},"end":{"line":5,"column":1}},"line":2},"1":{"name":"validateEmail","decl":{"start":{"line":7,"column":9},"end":{"line":7,"column":22}},"loc":{"start":{"line":7,"column":30},"end":{"line":9,"column":1}},"line":7}},"branchMap":{},"s":{"0":1,"1":1,"2":4,"3":1},"f":{"0":1,"1":4},"b":{},"_coverageSchema":"1a1c01bbd47fc00a2c39e90264f33305004495a9","hash":"657b5a215e56946b9c5ef8d42cb3cbe2377b818d"}
,"C:\\Users\\HomePC\\Desktop\\week-6-test-debug-assignment-Daninc24\\server\\src\\models\\Post.js": {"path":"C:\\Users\\HomePC\\Desktop\\week-6-test-debug-assignment-Daninc24\\server\\src\\models\\Post.js","statementMap":{"0":{"start":{"line":2,"column":0},"end":{"line":6,"column":2}},"1":{"start":{"line":3,"column":27},"end":{"line":3,"column":53}},"2":{"start":{"line":4,"column":27},"end":{"line":4,"column":85}},"3":{"start":{"line":5,"column":31},"end":{"line":5,"column":36}}},"fnMap":{"0":{"name":"(anonymous_0)","decl":{"start":{"line":3,"column":10},"end":{"line":3,"column":11}},"loc":{"start":{"line":3,"column":27},"end":{"line":3,"column":53}},"line":3},"1":{"name":"(anonymous_1)","decl":{"start":{"line":4,"column":12},"end":{"line":4,"column":13}},"loc":{"start":{"line":4,"column":27},"end":{"line":4,"column":85}},"line":4},"2":{"name":"(anonymous_2)","decl":{"start":{"line":5,"column":14},"end":{"line":5,"column":15}},"loc":{"start":{"line":5,"column":31},"end":{"line":5,"column":36}},"line":5}},"branchMap":{"0":{"loc":{"start":{"line":4,"column":27},"end":{"line":4,"column":85}},"type":"cond-expr","locations":[{"start":{"line":4,"column":47},"end":{"line":4,"column":51}},{"start":{"line":4,"column":54},"end":{"line":4,"column":85}}],"line":4}},"s":{"0":1,"1":2,"2":1,"3":1},"f":{"0":2,"1":1,"2":1},"b":{"0":[0,1]},"_coverageSchema":"1a1c01bbd47fc00a2c39e90264f33305004495a9","hash":"3fc72275d26420b471dfa0210c5df6d21aaf4abe"}
,"C:\\Users\\HomePC\\Desktop\\week-6-test-debug-assignment-Daninc24\\server\\src\\models\\User.js": {"path":"C:\\Users\\HomePC\\Desktop\\week-6-test-debug-assignment-Daninc24\\server\\src\\models\\User.js","statementMap":{"0":{"start":{"line":2,"column":0},"end":{"line":4,"column":2}},"1":{"start":{"line":3,"column":27},"end":{"line":3,"column":57}}},"fnMap":{"0":{"name":"(anonymous_0)","decl":{"start":{"line":3,"column":10},"end":{"line":3,"column":11}},"loc":{"start":{"line":3,"column":27},"end":{"line":3,"column":57}},"line":3}},"branchMap":{},"s":{"0":1,"1":2},"f":{"0":2},"b":{},"_coverageSchema":"1a1c01bbd47fc00a2c39e90264f33305004495a9","hash":"491b0a14c645836ebf5ec2071e7553ca63b3958c"}
,"C:\\Users\\HomePC\\Desktop\\week-6-test-debug-assignment-Daninc24\\server\\src\\utils\\auth.js": {"path":"C:\\Users\\HomePC\\Desktop\\week-6-test-debug-assignment-Daninc24\\server\\src\\utils\\auth.js","statementMap":{"0":{"start":{"line":2,"column":0},"end":{"line":4,"column":2}},"1":{"start":{"line":3,"column":27},"end":{"line":3,"column":38}}},"fnMap":{"0":{"name":"(anonymous_0)","decl":{"start":{"line":3,"column":17},"end":{"line":3,"column":18}},"loc":{"start":{"line":3,"column":27},"end":{"line":3,"column":38}},"line":3}},"branchMap":{},"s":{"0":1,"1":2},"f":{"0":2},"b":{},"_coverageSchema":"1a1c01bbd47fc00a2c39e90264f33305004495a9","hash":"dde88a52e48888c6b249e3737d918b73213a73f8"}
}
