TN:
SF:src\app.js
FN:7,(anonymous_0)
FN:11,(anonymous_1)
FN:15,(anonymous_2)
FN:20,(anonymous_3)
FN:24,(anonymous_4)
FNF:5
FNH:5
FNDA:3,(anonymous_0)
FNDA:4,(anonymous_1)
FNDA:2,(anonymous_2)
FNDA:3,(anonymous_3)
FNDA:2,(anonymous_4)
DA:1,1
DA:2,1
DA:4,1
DA:7,1
DA:8,3
DA:11,1
DA:12,4
DA:15,1
DA:16,2
DA:17,2
DA:20,1
DA:21,3
DA:24,1
DA:25,2
DA:28,1
LF:15
LH:15
BRDA:16,0,0,0
BRDA:16,0,1,2
BRDA:21,1,0,3
BRDA:21,1,1,0
BRDA:21,2,0,3
BRDA:21,2,1,2
BRF:6
BRH:4
end_of_record
TN:
SF:src\utils.js
FN:2,formatDate
FN:7,validateEmail
FNF:2
FNH:2
FNDA:1,formatDate
FNDA:4,validateEmail
DA:3,1
DA:4,1
DA:8,4
DA:11,1
LF:4
LH:4
BRF:0
BRH:0
end_of_record
TN:
SF:src\models\Post.js
FN:3,(anonymous_0)
FN:4,(anonymous_1)
FN:5,(anonymous_2)
FNF:3
FNH:3
FNDA:2,(anonymous_0)
FNDA:1,(anonymous_1)
FNDA:1,(anonymous_2)
DA:2,1
DA:3,2
DA:4,1
DA:5,1
LF:4
LH:4
BRDA:4,0,0,0
BRDA:4,0,1,1
BRF:2
BRH:1
end_of_record
TN:
SF:src\models\User.js
FN:3,(anonymous_0)
FNF:1
FNH:1
FNDA:2,(anonymous_0)
DA:2,1
DA:3,2
LF:2
LH:2
BRF:0
BRH:0
end_of_record
TN:
SF:src\utils\auth.js
FN:3,(anonymous_0)
FNF:1
FNH:1
FNDA:2,(anonymous_0)
DA:2,1
DA:3,2
LF:2
LH:2
BRF:0
BRH:0
end_of_record
