{"C:\\Users\\HomePC\\Desktop\\week-6-test-debug-assignment-Daninc24\\client\\src\\utils.js": {"path":"C:\\Users\\HomePC\\Desktop\\week-6-test-debug-assignment-Daninc24\\client\\src\\utils.js","statementMap":{"0":{"start":{"line":3,"column":12},"end":{"line":3,"column":26}},"1":{"start":{"line":4,"column":2},"end":{"line":4,"column":39}},"2":{"start":{"line":8,"column":2},"end":{"line":8,"column":50}}},"fnMap":{"0":{"name":"formatDate","decl":{"start":{"line":2,"column":16},"end":{"line":2,"column":26}},"loc":{"start":{"line":2,"column":33},"end":{"line":5,"column":1}},"line":2},"1":{"name":"validateEmail","decl":{"start":{"line":7,"column":16},"end":{"line":7,"column":29}},"loc":{"start":{"line":7,"column":37},"end":{"line":9,"column":1}},"line":7}},"branchMap":{},"s":{"0":1,"1":1,"2":4},"f":{"0":1,"1":4},"b":{},"_coverageSchema":"1a1c01bbd47fc00a2c39e90264f33305004495a9","hash":"ce6b8315a24a00dbc329eaf1e87fa5c7f92dccc5"}
}
